<?xml version="1.0" encoding="UTF-8"?>
<!-- Generated by org.testng.reporters.JUnitReportReporter -->
<testsuite skipped="0" hostname="DESKTOP-J36NF1H" name="medium.TC002" tests="2" failures="0" timestamp="2019-11-18T11:22:14 IST" time="11.091" errors="0">
  <testcase name="returnproduct" time="5.667" classname="medium.TC002"/>
  <testcase name="returnproduct" time="5.424" classname="medium.TC002"/>
</testsuite> <!-- medium.TC002 -->
