<?xml version="1.0" encoding="UTF-8"?>
<!-- Generated by org.testng.reporters.JUnitReportReporter -->
<testsuite skipped="1" hostname="DESKTOP-J36NF1H" name="simple.TC001" tests="2" failures="0" timestamp="2019-11-14T17:21:39 IST" time="30.727" errors="0">
  <testcase name="customerList" time="30.727" classname="simple.TC001"/>
  <testcase name="validLoginTest" classname="simple.TC001">
    <skipped/>
  </testcase> <!-- validLoginTest -->
</testsuite> <!-- simple.TC001 -->
