<?xml version="1.0" encoding="UTF-8"?>
<!-- Generated by org.testng.reporters.JUnitReportReporter -->
<testsuite skipped="0" hostname="DESKTOP-J36NF1H" name="com.training.sanity.tests.LoginTests" tests="1" failures="0" timestamp="2019-11-12T13:01:41 IST" time="23.973" errors="0">
  <testcase name="validLoginTest" time="23.973" classname="com.training.sanity.tests.LoginTests"/>
</testsuite> <!-- com.training.sanity.tests.LoginTests -->
