<?xml version="1.0" encoding="UTF-8"?>
<!-- Generated by org.testng.reporters.JUnitReportReporter -->
<testsuite skipped="2" hostname="DESKTOP-J36NF1H" name="simple.TC001" tests="3" failures="0" timestamp="2019-11-15T10:38:40 IST" time="25.311" errors="0">
  <testcase name="customersearch" time="25.311" classname="simple.TC001"/>
  <testcase name="validLoginTest" classname="simple.TC001">
    <skipped/>
  </testcase> <!-- validLoginTest -->
  <testcase name="customerList" classname="simple.TC001">
    <skipped/>
  </testcase> <!-- customerList -->
</testsuite> <!-- simple.TC001 -->
